<?xml version="1.0" encoding="UTF-8"?>
<!-- Generated by org.testng.reporters.JUnitXMLReporter -->
<testsuite ignored="0" hostname="DESKTOP-NI2O2K0" failures="1" tests="3" name="msedge" time="0.047" errors="0" timestamp="2022-08-09T01:53:27 IST">
  <testcase classname="Cross.VarifyTitle" name="@BeforeMethod Lunchbrowser" time="-1.659990207613E9">
    <failure type="org.testng.TestNGException" message="
Parameter &amp;apos;browser&amp;apos; is required by BeforeMethod on method Lunchbrowser but has not been marked @Optional or defined
in C:\Users\Dell\eclipse-workspace\Crossbrowser\testng.xml">
      <![CDATA[org.testng.TestNGException: 
Parameter 'browser' is required by BeforeMethod on method Lunchbrowser but has not been marked @Optional or defined
in C:\Users\Dell\eclipse-workspace\Crossbrowser\testng.xml
at java.base/java.util.ArrayList.forEach(ArrayList.java:1511)
... Removed 28 stack frames]]>
    </failure>
  </testcase> <!-- @BeforeMethod Lunchbrowser -->
  <testcase classname="Cross.VarifyTitle" name="@AfterMethod Quit" time="-1.659990207623E9">
    <skipped/>
  </testcase> <!-- @AfterMethod Quit -->
  <testcase classname="Cross.VarifyTitle" name="@BeforeMethod Lunchbrowser" time="-1.659990207626E9">
    <skipped/>
  </testcase> <!-- @BeforeMethod Lunchbrowser -->
  <testcase classname="Cross.VarifyTitle" name="@AfterMethod Quit" time="-1.659990207642E9">
    <skipped/>
  </testcase> <!-- @AfterMethod Quit -->
  <testcase classname="Cross.VarifyTitle" name="Lunchbrowser" time="0.0">
    <failure type="org.testng.TestNGException" message="
Parameter &amp;apos;browser&amp;apos; is required by @Test on method Lunchbrowser but has not been marked @Optional or defined
in C:\Users\Dell\eclipse-workspace\Crossbrowser\testng.xml">
      <![CDATA[org.testng.TestNGException: 
Parameter 'browser' is required by @Test on method Lunchbrowser but has not been marked @Optional or defined
in C:\Users\Dell\eclipse-workspace\Crossbrowser\testng.xml
at java.base/java.util.ArrayList.forEach(ArrayList.java:1511)
... Removed 26 stack frames]]>
    </failure>
  </testcase> <!-- Lunchbrowser -->
  <testcase classname="Cross.VarifyTitle" name="Quit" time="0.0">
    <skipped/>
  </testcase> <!-- Quit -->
  <testcase classname="Cross.VarifyTitle" name="Url" time="0.0">
    <skipped/>
  </testcase> <!-- Url -->
</testsuite> <!-- msedge -->
